\BOOKMARK [0][-]{chapter.1}{Introduction}{}% 1
\BOOKMARK [0][-]{chapter.2}{Background}{}% 2
\BOOKMARK [1][-]{section.2.1}{Back-end Targets}{chapter.2}% 3
\BOOKMARK [1][-]{section.2.2}{What is FFI Calls?}{chapter.2}% 4
\BOOKMARK [1][-]{section.2.3}{What is LLVM ?}{chapter.2}% 5
\BOOKMARK [1][-]{section.2.4}{Optimization of LLVM IR}{chapter.2}% 6
\BOOKMARK [1][-]{section.2.5}{Related Work}{chapter.2}% 7
\BOOKMARK [0][-]{chapter.3}{Capturing LLVM AST }{}% 8
\BOOKMARK [0][-]{chapter.4}{LLVM AST Into LLVM Binary Executables}{}% 9
\BOOKMARK [1][-]{section.4.1}{Why this??}{chapter.4}% 10
\BOOKMARK [1][-]{section.4.2}{Work to do}{chapter.4}% 11
\BOOKMARK [2][-]{subsection.4.2.1}{In SML}{section.4.2}% 12
\BOOKMARK [2][-]{subsection.4.2.2}{In C}{section.4.2}% 13
\BOOKMARK [1][-]{section.4.3}{Commands to Run}{chapter.4}% 14
\BOOKMARK [1][-]{section.4.4}{Verification}{chapter.4}% 15
\BOOKMARK [2][-]{subsection.4.4.1}{Commands to verify}{section.4.4}% 16
\BOOKMARK [0][-]{chapter.5}{LLVM AST INTO LLVM IR}{}% 17
\BOOKMARK [1][-]{section.5.1}{Introduction}{chapter.5}% 18
\BOOKMARK [1][-]{section.5.2}{Tasks to do}{chapter.5}% 19
\BOOKMARK [1][-]{section.5.3}{Commands To Run}{chapter.5}% 20
\BOOKMARK [1][-]{section.5.4}{Verification}{chapter.5}% 21
\BOOKMARK [0][-]{chapter.6}{Conclusion}{}% 22
\BOOKMARK [0][-]{chapter.7}{Future Work}{}% 23
\BOOKMARK [0][-]{chapter.8}{References}{}% 24
